02:04:24.747 [main] INFO  c.b.x.w.WebApplication - [logStarting,55] - Starting WebApplication on littleboydeMacBook-Pro.local with PID 15115 (/Users/littleboy/IdeaProjects/myweb/app/web/target/classes started by littleboy in /Users/littleboy/IdeaProjects/myweb)
02:04:24.771 [main] INFO  c.b.x.w.WebApplication - [logStartupProfileInfo,648] - No active profile set, falling back to default profiles: default
02:04:27.488 [main] INFO  o.s.b.w.e.t.TomcatWebServer - [initialize,108] - Tomcat initialized with port(s): 8090 (http)
02:04:27.510 [main] INFO  o.a.c.h.Http11NioProtocol - [log,173] - Initializing ProtocolHandler ["http-nio-8090"]
02:04:27.511 [main] INFO  o.a.c.c.StandardService - [log,173] - Starting service [Tomcat]
02:04:27.512 [main] INFO  o.a.c.c.StandardEngine - [log,173] - Starting Servlet engine: [Apache Tomcat/9.0.45]
02:04:27.663 [main] INFO  o.a.c.c.C.[.[.[/] - [log,173] - Initializing Spring embedded WebApplicationContext
02:04:27.664 [main] INFO  o.s.b.w.s.c.ServletWebServerApplicationContext - [prepareWebApplicationContext,285] - Root WebApplicationContext: initialization completed in 2532 ms
02:04:28.277 [main] INFO  o.s.s.c.ThreadPoolTaskExecutor - [initialize,181] - Initializing ExecutorService 'applicationTaskExecutor'
02:04:28.457 [main] INFO  o.s.b.a.w.s.WelcomePageHandlerMapping - [<init>,57] - Adding welcome page template: index
02:04:28.579 [main] WARN  o.t.t.TemplateMode - [parse,150] - [THYMELEAF][main] Template Mode 'HTML5' is deprecated. Using Template Mode 'HTML' instead.
02:04:28.685 [main] INFO  o.a.c.h.Http11NioProtocol - [log,173] - Starting ProtocolHandler ["http-nio-8090"]
02:04:28.728 [main] INFO  o.s.b.w.e.t.TomcatWebServer - [start,220] - Tomcat started on port(s): 8090 (http) with context path ''
02:04:28.758 [main] INFO  c.b.x.w.WebApplication - [logStarted,61] - Started WebApplication in 5.347 seconds (JVM running for 6.417)
02:04:36.844 [http-nio-8090-exec-1] INFO  o.a.c.c.C.[.[.[/] - [log,173] - Initializing Spring DispatcherServlet 'dispatcherServlet'
02:04:36.846 [http-nio-8090-exec-1] INFO  o.s.w.s.DispatcherServlet - [initServletBean,525] - Initializing Servlet 'dispatcherServlet'
02:04:36.876 [http-nio-8090-exec-1] INFO  o.s.w.s.DispatcherServlet - [initServletBean,547] - Completed initialization in 29 ms
02:04:38.248 [http-nio-8090-exec-1] INFO  c.b.x.w.s.WxMenuService - [queryOrder,113] - 微信支付结果查询返回:{"nonce_str":"x2cgNhAtQH6sDZb4","device_info":"","trade_state":"NOTPAY","out_trade_no":"202207310041571990","appid":"wx9e9189da7ce50374","total_fee":"1","trade_state_desc":"订单未支付","sign":"0712EAAB99F4A77F5A2D719B7F9B3B1D","return_msg":"OK","result_code":"SUCCESS","mch_id":"11473623","return_code":"SUCCESS"}
02:08:40.533 [SpringContextShutdownHook] INFO  o.s.s.c.ThreadPoolTaskExecutor - [shutdown,218] - Shutting down ExecutorService 'applicationTaskExecutor'
02:09:19.591 [main] INFO  c.b.x.w.WebApplication - [logStarting,55] - Starting WebApplication on littleboydeMacBook-Pro.local with PID 15195 (/Users/littleboy/IdeaProjects/myweb/app/web/target/classes started by littleboy in /Users/littleboy/IdeaProjects/myweb)
02:09:19.606 [main] INFO  c.b.x.w.WebApplication - [logStartupProfileInfo,648] - No active profile set, falling back to default profiles: default
02:09:21.446 [main] INFO  o.s.b.w.e.t.TomcatWebServer - [initialize,108] - Tomcat initialized with port(s): 8090 (http)
02:09:21.460 [main] INFO  o.a.c.h.Http11NioProtocol - [log,173] - Initializing ProtocolHandler ["http-nio-8090"]
02:09:21.460 [main] INFO  o.a.c.c.StandardService - [log,173] - Starting service [Tomcat]
02:09:21.461 [main] INFO  o.a.c.c.StandardEngine - [log,173] - Starting Servlet engine: [Apache Tomcat/9.0.45]
02:09:21.596 [main] INFO  o.a.c.c.C.[.[.[/] - [log,173] - Initializing Spring embedded WebApplicationContext
02:09:21.596 [main] INFO  o.s.b.w.s.c.ServletWebServerApplicationContext - [prepareWebApplicationContext,285] - Root WebApplicationContext: initialization completed in 1741 ms
02:09:22.063 [main] INFO  o.s.s.c.ThreadPoolTaskExecutor - [initialize,181] - Initializing ExecutorService 'applicationTaskExecutor'
02:09:22.229 [main] INFO  o.s.b.a.w.s.WelcomePageHandlerMapping - [<init>,57] - Adding welcome page template: index
02:09:22.318 [main] WARN  o.t.t.TemplateMode - [parse,150] - [THYMELEAF][main] Template Mode 'HTML5' is deprecated. Using Template Mode 'HTML' instead.
02:09:22.399 [main] INFO  o.a.c.h.Http11NioProtocol - [log,173] - Starting ProtocolHandler ["http-nio-8090"]
02:09:22.427 [main] INFO  o.s.b.w.e.t.TomcatWebServer - [start,220] - Tomcat started on port(s): 8090 (http) with context path ''
02:09:22.446 [main] INFO  c.b.x.w.WebApplication - [logStarted,61] - Started WebApplication in 3.894 seconds (JVM running for 4.656)
02:09:26.719 [http-nio-8090-exec-1] INFO  o.a.c.c.C.[.[.[/] - [log,173] - Initializing Spring DispatcherServlet 'dispatcherServlet'
02:09:26.720 [http-nio-8090-exec-1] INFO  o.s.w.s.DispatcherServlet - [initServletBean,525] - Initializing Servlet 'dispatcherServlet'
02:09:26.734 [http-nio-8090-exec-1] INFO  o.s.w.s.DispatcherServlet - [initServletBean,547] - Completed initialization in 13 ms
02:09:43.504 [http-nio-8090-exec-3] INFO  c.b.x.w.s.WxMenuService - [queryOrder,113] - 微信支付结果查询返回:{"nonce_str":"U1OehYw4568tDdRS","device_info":"","trade_state":"NOTPAY","out_trade_no":"202207310041571990","appid":"wx9e9189da7ce50374","total_fee":"1","trade_state_desc":"订单未支付","sign":"E6ACACD689051C385D0AD32D6E110098","return_msg":"OK","result_code":"SUCCESS","mch_id":"11473623","return_code":"SUCCESS"}
02:10:27.317 [SpringContextShutdownHook] INFO  o.s.s.c.ThreadPoolTaskExecutor - [shutdown,218] - Shutting down ExecutorService 'applicationTaskExecutor'
02:11:27.638 [main] INFO  c.b.x.w.WebApplication - [logStarting,55] - Starting WebApplication on littleboydeMacBook-Pro.local with PID 15224 (/Users/littleboy/IdeaProjects/myweb/app/web/target/classes started by littleboy in /Users/littleboy/IdeaProjects/myweb)
02:11:27.664 [main] INFO  c.b.x.w.WebApplication - [logStartupProfileInfo,648] - No active profile set, falling back to default profiles: default
02:11:30.386 [main] INFO  o.s.b.w.e.t.TomcatWebServer - [initialize,108] - Tomcat initialized with port(s): 8090 (http)
02:11:30.407 [main] INFO  o.a.c.h.Http11NioProtocol - [log,173] - Initializing ProtocolHandler ["http-nio-8090"]
02:11:30.408 [main] INFO  o.a.c.c.StandardService - [log,173] - Starting service [Tomcat]
02:11:30.409 [main] INFO  o.a.c.c.StandardEngine - [log,173] - Starting Servlet engine: [Apache Tomcat/9.0.45]
02:11:30.562 [main] INFO  o.a.c.c.C.[.[.[/] - [log,173] - Initializing Spring embedded WebApplicationContext
02:11:30.563 [main] INFO  o.s.b.w.s.c.ServletWebServerApplicationContext - [prepareWebApplicationContext,285] - Root WebApplicationContext: initialization completed in 2482 ms
02:11:31.259 [main] INFO  o.s.s.c.ThreadPoolTaskExecutor - [initialize,181] - Initializing ExecutorService 'applicationTaskExecutor'
02:11:31.451 [main] INFO  o.s.b.a.w.s.WelcomePageHandlerMapping - [<init>,57] - Adding welcome page template: index
02:11:31.571 [main] WARN  o.t.t.TemplateMode - [parse,150] - [THYMELEAF][main] Template Mode 'HTML5' is deprecated. Using Template Mode 'HTML' instead.
02:11:31.732 [main] INFO  o.s.b.w.e.t.TomcatWebServer - [start,220] - Tomcat started on port(s): 8090 (http) with context path ''
02:11:31.760 [main] INFO  c.b.x.w.WebApplication - [logStarted,61] - Started WebApplication in 5.468 seconds (JVM running for 6.386)
02:11:31.861 [SpringContextShutdownHook] INFO  o.s.s.c.ThreadPoolTaskExecutor - [shutdown,218] - Shutting down ExecutorService 'applicationTaskExecutor'
02:11:56.962 [main] INFO  c.b.x.w.WebApplication - [logStarting,55] - Starting WebApplication on littleboydeMacBook-Pro.local with PID 15233 (/Users/littleboy/IdeaProjects/myweb/app/web/target/classes started by littleboy in /Users/littleboy/IdeaProjects/myweb)
02:11:56.969 [main] INFO  c.b.x.w.WebApplication - [logStartupProfileInfo,648] - No active profile set, falling back to default profiles: default
02:11:58.839 [main] INFO  o.s.b.w.e.t.TomcatWebServer - [initialize,108] - Tomcat initialized with port(s): 8090 (http)
02:11:58.852 [main] INFO  o.a.c.h.Http11NioProtocol - [log,173] - Initializing ProtocolHandler ["http-nio-8090"]
02:11:58.854 [main] INFO  o.a.c.c.StandardService - [log,173] - Starting service [Tomcat]
02:11:58.854 [main] INFO  o.a.c.c.StandardEngine - [log,173] - Starting Servlet engine: [Apache Tomcat/9.0.45]
02:11:58.957 [main] INFO  o.a.c.c.C.[.[.[/] - [log,173] - Initializing Spring embedded WebApplicationContext
02:11:58.958 [main] INFO  o.s.b.w.s.c.ServletWebServerApplicationContext - [prepareWebApplicationContext,285] - Root WebApplicationContext: initialization completed in 1716 ms
02:11:59.469 [main] INFO  o.s.s.c.ThreadPoolTaskExecutor - [initialize,181] - Initializing ExecutorService 'applicationTaskExecutor'
02:11:59.614 [main] INFO  o.s.b.a.w.s.WelcomePageHandlerMapping - [<init>,57] - Adding welcome page template: index
02:11:59.713 [main] WARN  o.t.t.TemplateMode - [parse,150] - [THYMELEAF][main] Template Mode 'HTML5' is deprecated. Using Template Mode 'HTML' instead.
02:11:59.791 [main] INFO  o.a.c.h.Http11NioProtocol - [log,173] - Starting ProtocolHandler ["http-nio-8090"]
02:11:59.822 [main] INFO  o.s.b.w.e.t.TomcatWebServer - [start,220] - Tomcat started on port(s): 8090 (http) with context path ''
02:11:59.842 [main] INFO  c.b.x.w.WebApplication - [logStarted,61] - Started WebApplication in 3.893 seconds (JVM running for 4.657)
02:12:18.542 [http-nio-8090-exec-1] INFO  o.a.c.c.C.[.[.[/] - [log,173] - Initializing Spring DispatcherServlet 'dispatcherServlet'
02:12:18.542 [http-nio-8090-exec-1] INFO  o.s.w.s.DispatcherServlet - [initServletBean,525] - Initializing Servlet 'dispatcherServlet'
02:12:18.568 [http-nio-8090-exec-1] INFO  o.s.w.s.DispatcherServlet - [initServletBean,547] - Completed initialization in 25 ms
02:12:40.176 [http-nio-8090-exec-1] INFO  c.b.x.w.s.WxMenuService - [queryOrder,113] - 微信支付结果查询返回:{"nonce_str":"GTdYkvFguyozQPgS","device_info":"","trade_state":"NOTPAY","out_trade_no":"202207310041571990","appid":"wx9e9189da7ce50374","total_fee":"1","trade_state_desc":"订单未支付","sign":"B89D735EE9EC4A7FE67DF3A9975E7D01","return_msg":"OK","result_code":"SUCCESS","mch_id":"11473623","return_code":"SUCCESS"}
02:16:19.489 [SpringContextShutdownHook] INFO  o.s.s.c.ThreadPoolTaskExecutor - [shutdown,218] - Shutting down ExecutorService 'applicationTaskExecutor'
02:16:24.818 [main] INFO  c.b.x.w.WebApplication - [logStarting,55] - Starting WebApplication on littleboydeMacBook-Pro.local with PID 15284 (/Users/littleboy/IdeaProjects/myweb/app/web/target/classes started by littleboy in /Users/littleboy/IdeaProjects/myweb)
02:16:24.831 [main] INFO  c.b.x.w.WebApplication - [logStartupProfileInfo,648] - No active profile set, falling back to default profiles: default
02:16:27.580 [main] INFO  o.s.b.w.e.t.TomcatWebServer - [initialize,108] - Tomcat initialized with port(s): 8090 (http)
02:16:27.600 [main] INFO  o.a.c.h.Http11NioProtocol - [log,173] - Initializing ProtocolHandler ["http-nio-8090"]
02:16:27.601 [main] INFO  o.a.c.c.StandardService - [log,173] - Starting service [Tomcat]
02:16:27.601 [main] INFO  o.a.c.c.StandardEngine - [log,173] - Starting Servlet engine: [Apache Tomcat/9.0.45]
02:16:27.749 [main] INFO  o.a.c.c.C.[.[.[/] - [log,173] - Initializing Spring embedded WebApplicationContext
02:16:27.749 [main] INFO  o.s.b.w.s.c.ServletWebServerApplicationContext - [prepareWebApplicationContext,285] - Root WebApplicationContext: initialization completed in 2495 ms
02:16:28.404 [main] INFO  o.s.s.c.ThreadPoolTaskExecutor - [initialize,181] - Initializing ExecutorService 'applicationTaskExecutor'
02:16:28.596 [main] INFO  o.s.b.a.w.s.WelcomePageHandlerMapping - [<init>,57] - Adding welcome page template: index
02:16:28.708 [main] WARN  o.t.t.TemplateMode - [parse,150] - [THYMELEAF][main] Template Mode 'HTML5' is deprecated. Using Template Mode 'HTML' instead.
02:16:28.797 [main] INFO  o.a.c.h.Http11NioProtocol - [log,173] - Starting ProtocolHandler ["http-nio-8090"]
02:16:28.834 [main] INFO  o.s.b.w.e.t.TomcatWebServer - [start,220] - Tomcat started on port(s): 8090 (http) with context path ''
02:16:28.865 [main] INFO  c.b.x.w.WebApplication - [logStarted,61] - Started WebApplication in 5.382 seconds (JVM running for 6.376)
02:16:39.310 [http-nio-8090-exec-1] INFO  o.a.c.c.C.[.[.[/] - [log,173] - Initializing Spring DispatcherServlet 'dispatcherServlet'
02:16:39.311 [http-nio-8090-exec-1] INFO  o.s.w.s.DispatcherServlet - [initServletBean,525] - Initializing Servlet 'dispatcherServlet'
02:16:39.342 [http-nio-8090-exec-1] INFO  o.s.w.s.DispatcherServlet - [initServletBean,547] - Completed initialization in 31 ms
02:16:40.446 [http-nio-8090-exec-1] INFO  c.b.x.w.s.WxMenuService - [queryOrder,113] - 微信支付结果查询返回:{"nonce_str":"kuAJWpkzw8qURsjk","device_info":"","trade_state":"NOTPAY","out_trade_no":"202207310041571990","appid":"wx9e9189da7ce50374","total_fee":"1","trade_state_desc":"订单未支付","sign":"FFCFF8B355024CCBEEBB14DB70755D59","return_msg":"OK","result_code":"SUCCESS","mch_id":"11473623","return_code":"SUCCESS"}
02:16:46.399 [http-nio-8090-exec-1] WARN  o.s.w.s.m.s.DefaultHandlerExceptionResolver - [logException,199] - Resolved [org.springframework.web.HttpRequestMethodNotSupportedException: Request method 'POST' not supported]
02:17:11.507 [http-nio-8090-exec-5] WARN  o.s.w.s.m.s.DefaultHandlerExceptionResolver - [logException,199] - Resolved [org.springframework.web.HttpRequestMethodNotSupportedException: Request method 'POST' not supported]
02:17:20.278 [http-nio-8090-exec-9] WARN  o.s.w.s.m.s.DefaultHandlerExceptionResolver - [logException,199] - Resolved [org.springframework.web.HttpRequestMethodNotSupportedException: Request method 'POST' not supported]
02:21:28.034 [SpringContextShutdownHook] INFO  o.s.s.c.ThreadPoolTaskExecutor - [shutdown,218] - Shutting down ExecutorService 'applicationTaskExecutor'
02:21:33.581 [main] INFO  c.b.x.w.WebApplication - [logStarting,55] - Starting WebApplication on littleboydeMacBook-Pro.local with PID 15349 (/Users/littleboy/IdeaProjects/myweb/app/web/target/classes started by littleboy in /Users/littleboy/IdeaProjects/myweb)
02:21:33.598 [main] INFO  c.b.x.w.WebApplication - [logStartupProfileInfo,648] - No active profile set, falling back to default profiles: default
02:21:36.325 [main] INFO  o.s.b.w.e.t.TomcatWebServer - [initialize,108] - Tomcat initialized with port(s): 8090 (http)
02:21:36.344 [main] INFO  o.a.c.h.Http11NioProtocol - [log,173] - Initializing ProtocolHandler ["http-nio-8090"]
02:21:36.346 [main] INFO  o.a.c.c.StandardService - [log,173] - Starting service [Tomcat]
02:21:36.346 [main] INFO  o.a.c.c.StandardEngine - [log,173] - Starting Servlet engine: [Apache Tomcat/9.0.45]
02:21:36.500 [main] INFO  o.a.c.c.C.[.[.[/] - [log,173] - Initializing Spring embedded WebApplicationContext
02:21:36.501 [main] INFO  o.s.b.w.s.c.ServletWebServerApplicationContext - [prepareWebApplicationContext,285] - Root WebApplicationContext: initialization completed in 2477 ms
02:21:37.174 [main] INFO  o.s.s.c.ThreadPoolTaskExecutor - [initialize,181] - Initializing ExecutorService 'applicationTaskExecutor'
02:21:37.376 [main] INFO  o.s.b.a.w.s.WelcomePageHandlerMapping - [<init>,57] - Adding welcome page template: index
02:21:37.510 [main] WARN  o.t.t.TemplateMode - [parse,150] - [THYMELEAF][main] Template Mode 'HTML5' is deprecated. Using Template Mode 'HTML' instead.
02:21:37.610 [main] INFO  o.a.c.h.Http11NioProtocol - [log,173] - Starting ProtocolHandler ["http-nio-8090"]
02:21:37.651 [main] INFO  o.s.b.w.e.t.TomcatWebServer - [start,220] - Tomcat started on port(s): 8090 (http) with context path ''
02:21:37.675 [main] INFO  c.b.x.w.WebApplication - [logStarted,61] - Started WebApplication in 5.446 seconds (JVM running for 6.448)
02:21:41.893 [http-nio-8090-exec-1] INFO  o.a.c.c.C.[.[.[/] - [log,173] - Initializing Spring DispatcherServlet 'dispatcherServlet'
02:21:41.895 [http-nio-8090-exec-1] INFO  o.s.w.s.DispatcherServlet - [initServletBean,525] - Initializing Servlet 'dispatcherServlet'
02:21:41.931 [http-nio-8090-exec-1] INFO  o.s.w.s.DispatcherServlet - [initServletBean,547] - Completed initialization in 34 ms
02:21:43.694 [http-nio-8090-exec-1] INFO  c.b.x.w.s.WxMenuService - [queryOrder,113] - 微信支付结果查询返回:{"nonce_str":"r5pH7b61uCGbiQde","device_info":"","trade_state":"NOTPAY","out_trade_no":"202207310041571990","appid":"wx9e9189da7ce50374","total_fee":"1","trade_state_desc":"订单未支付","sign":"87319BE0E4ECBE25A4D275A4EBCD8416","return_msg":"OK","result_code":"SUCCESS","mch_id":"11473623","return_code":"SUCCESS"}
02:23:55.445 [SpringContextShutdownHook] INFO  o.s.s.c.ThreadPoolTaskExecutor - [shutdown,218] - Shutting down ExecutorService 'applicationTaskExecutor'
02:23:59.198 [main] INFO  c.b.x.w.WebApplication - [logStarting,55] - Starting WebApplication on littleboydeMacBook-Pro.local with PID 15379 (/Users/littleboy/IdeaProjects/myweb/app/web/target/classes started by littleboy in /Users/littleboy/IdeaProjects/myweb)
02:23:59.216 [main] INFO  c.b.x.w.WebApplication - [logStartupProfileInfo,648] - No active profile set, falling back to default profiles: default
02:24:01.783 [main] INFO  o.s.b.w.e.t.TomcatWebServer - [initialize,108] - Tomcat initialized with port(s): 8090 (http)
02:24:01.803 [main] INFO  o.a.c.h.Http11NioProtocol - [log,173] - Initializing ProtocolHandler ["http-nio-8090"]
02:24:01.805 [main] INFO  o.a.c.c.StandardService - [log,173] - Starting service [Tomcat]
02:24:01.806 [main] INFO  o.a.c.c.StandardEngine - [log,173] - Starting Servlet engine: [Apache Tomcat/9.0.45]
02:24:01.964 [main] INFO  o.a.c.c.C.[.[.[/] - [log,173] - Initializing Spring embedded WebApplicationContext
02:24:01.965 [main] INFO  o.s.b.w.s.c.ServletWebServerApplicationContext - [prepareWebApplicationContext,285] - Root WebApplicationContext: initialization completed in 2351 ms
02:24:02.584 [main] INFO  o.s.s.c.ThreadPoolTaskExecutor - [initialize,181] - Initializing ExecutorService 'applicationTaskExecutor'
02:24:02.779 [main] INFO  o.s.b.a.w.s.WelcomePageHandlerMapping - [<init>,57] - Adding welcome page template: index
02:24:02.895 [main] WARN  o.t.t.TemplateMode - [parse,150] - [THYMELEAF][main] Template Mode 'HTML5' is deprecated. Using Template Mode 'HTML' instead.
02:24:02.997 [main] INFO  o.a.c.h.Http11NioProtocol - [log,173] - Starting ProtocolHandler ["http-nio-8090"]
02:24:03.035 [main] INFO  o.s.b.w.e.t.TomcatWebServer - [start,220] - Tomcat started on port(s): 8090 (http) with context path ''
02:24:03.057 [main] INFO  c.b.x.w.WebApplication - [logStarted,61] - Started WebApplication in 5.192 seconds (JVM running for 6.14)
02:24:07.956 [http-nio-8090-exec-1] INFO  o.a.c.c.C.[.[.[/] - [log,173] - Initializing Spring DispatcherServlet 'dispatcherServlet'
02:24:07.957 [http-nio-8090-exec-1] INFO  o.s.w.s.DispatcherServlet - [initServletBean,525] - Initializing Servlet 'dispatcherServlet'
02:24:07.974 [http-nio-8090-exec-1] INFO  o.s.w.s.DispatcherServlet - [initServletBean,547] - Completed initialization in 16 ms
02:24:13.057 [http-nio-8090-exec-2] ERROR o.a.c.c.C.[.[.[.[dispatcherServlet] - [log,175] - Servlet.service() for servlet [dispatcherServlet] in context with path [] threw exception [Request processing failed; nested exception is java.lang.Exception: 生成二维码失败！] with root cause
java.lang.Exception: 生成二维码失败！
	at com.book.xw.web.controller.QrController.qrcode(QrController.java:27)
	at java.base/jdk.internal.reflect.NativeMethodAccessorImpl.invoke0(Native Method)
	at java.base/jdk.internal.reflect.NativeMethodAccessorImpl.invoke(NativeMethodAccessorImpl.java:62)
	at java.base/jdk.internal.reflect.DelegatingMethodAccessorImpl.invoke(DelegatingMethodAccessorImpl.java:43)
	at java.base/java.lang.reflect.Method.invoke(Method.java:564)
	at org.springframework.web.method.support.InvocableHandlerMethod.doInvoke(InvocableHandlerMethod.java:190)
	at org.springframework.web.method.support.InvocableHandlerMethod.invokeForRequest(InvocableHandlerMethod.java:138)
	at org.springframework.web.servlet.mvc.method.annotation.ServletInvocableHandlerMethod.invokeAndHandle(ServletInvocableHandlerMethod.java:105)
	at org.springframework.web.servlet.mvc.method.annotation.RequestMappingHandlerAdapter.invokeHandlerMethod(RequestMappingHandlerAdapter.java:878)
	at org.springframework.web.servlet.mvc.method.annotation.RequestMappingHandlerAdapter.handleInternal(RequestMappingHandlerAdapter.java:792)
	at org.springframework.web.servlet.mvc.method.AbstractHandlerMethodAdapter.handle(AbstractHandlerMethodAdapter.java:87)
	at org.springframework.web.servlet.DispatcherServlet.doDispatch(DispatcherServlet.java:1040)
	at org.springframework.web.servlet.DispatcherServlet.doService(DispatcherServlet.java:943)
	at org.springframework.web.servlet.FrameworkServlet.processRequest(FrameworkServlet.java:1006)
	at org.springframework.web.servlet.FrameworkServlet.doPost(FrameworkServlet.java:909)
	at javax.servlet.http.HttpServlet.service(HttpServlet.java:652)
	at org.springframework.web.servlet.FrameworkServlet.service(FrameworkServlet.java:883)
	at javax.servlet.http.HttpServlet.service(HttpServlet.java:733)
	at org.apache.catalina.core.ApplicationFilterChain.internalDoFilter(ApplicationFilterChain.java:227)
	at org.apache.catalina.core.ApplicationFilterChain.doFilter(ApplicationFilterChain.java:162)
	at org.apache.tomcat.websocket.server.WsFilter.doFilter(WsFilter.java:53)
	at org.apache.catalina.core.ApplicationFilterChain.internalDoFilter(ApplicationFilterChain.java:189)
	at org.apache.catalina.core.ApplicationFilterChain.doFilter(ApplicationFilterChain.java:162)
	at org.springframework.web.filter.RequestContextFilter.doFilterInternal(RequestContextFilter.java:100)
	at org.springframework.web.filter.OncePerRequestFilter.doFilter(OncePerRequestFilter.java:119)
	at org.apache.catalina.core.ApplicationFilterChain.internalDoFilter(ApplicationFilterChain.java:189)
	at org.apache.catalina.core.ApplicationFilterChain.doFilter(ApplicationFilterChain.java:162)
	at org.springframework.web.filter.FormContentFilter.doFilterInternal(FormContentFilter.java:93)
	at org.springframework.web.filter.OncePerRequestFilter.doFilter(OncePerRequestFilter.java:119)
	at org.apache.catalina.core.ApplicationFilterChain.internalDoFilter(ApplicationFilterChain.java:189)
	at org.apache.catalina.core.ApplicationFilterChain.doFilter(ApplicationFilterChain.java:162)
	at org.springframework.web.filter.CharacterEncodingFilter.doFilterInternal(CharacterEncodingFilter.java:201)
	at org.springframework.web.filter.OncePerRequestFilter.doFilter(OncePerRequestFilter.java:119)
	at org.apache.catalina.core.ApplicationFilterChain.internalDoFilter(ApplicationFilterChain.java:189)
	at org.apache.catalina.core.ApplicationFilterChain.doFilter(ApplicationFilterChain.java:162)
	at org.apache.catalina.core.StandardWrapperValve.invoke(StandardWrapperValve.java:202)
	at org.apache.catalina.core.StandardContextValve.invoke(StandardContextValve.java:97)
	at org.apache.catalina.authenticator.AuthenticatorBase.invoke(AuthenticatorBase.java:542)
	at org.apache.catalina.core.StandardHostValve.invoke(StandardHostValve.java:143)
	at org.apache.catalina.valves.ErrorReportValve.invoke(ErrorReportValve.java:92)
	at org.apache.catalina.core.StandardEngineValve.invoke(StandardEngineValve.java:78)
	at org.apache.catalina.connector.CoyoteAdapter.service(CoyoteAdapter.java:357)
	at org.apache.coyote.http11.Http11Processor.service(Http11Processor.java:374)
	at org.apache.coyote.AbstractProcessorLight.process(AbstractProcessorLight.java:65)
	at org.apache.coyote.AbstractProtocol$ConnectionHandler.process(AbstractProtocol.java:893)
	at org.apache.tomcat.util.net.NioEndpoint$SocketProcessor.doRun(NioEndpoint.java:1707)
	at org.apache.tomcat.util.net.SocketProcessorBase.run(SocketProcessorBase.java:49)
	at java.base/java.util.concurrent.ThreadPoolExecutor.runWorker(ThreadPoolExecutor.java:1135)
	at java.base/java.util.concurrent.ThreadPoolExecutor$Worker.run(ThreadPoolExecutor.java:635)
	at org.apache.tomcat.util.threads.TaskThread$WrappingRunnable.run(TaskThread.java:61)
	at java.base/java.lang.Thread.run(Thread.java:844)
02:24:13.147 [http-nio-8090-exec-2] ERROR o.s.b.a.w.s.e.ErrorMvcAutoConfiguration$StaticView - [render,204] - Cannot render error page for request [/qr/code] and exception [] as the response has already been committed. As a result, the response may have the wrong status code.
02:24:14.466 [http-nio-8090-exec-3] ERROR o.a.c.c.C.[.[.[.[dispatcherServlet] - [log,175] - Servlet.service() for servlet [dispatcherServlet] in context with path [] threw exception [Request processing failed; nested exception is java.lang.Exception: 生成二维码失败！] with root cause
java.lang.Exception: 生成二维码失败！
	at com.book.xw.web.controller.QrController.qrcode(QrController.java:27)
	at java.base/jdk.internal.reflect.NativeMethodAccessorImpl.invoke0(Native Method)
	at java.base/jdk.internal.reflect.NativeMethodAccessorImpl.invoke(NativeMethodAccessorImpl.java:62)
	at java.base/jdk.internal.reflect.DelegatingMethodAccessorImpl.invoke(DelegatingMethodAccessorImpl.java:43)
	at java.base/java.lang.reflect.Method.invoke(Method.java:564)
	at org.springframework.web.method.support.InvocableHandlerMethod.doInvoke(InvocableHandlerMethod.java:190)
	at org.springframework.web.method.support.InvocableHandlerMethod.invokeForRequest(InvocableHandlerMethod.java:138)
	at org.springframework.web.servlet.mvc.method.annotation.ServletInvocableHandlerMethod.invokeAndHandle(ServletInvocableHandlerMethod.java:105)
	at org.springframework.web.servlet.mvc.method.annotation.RequestMappingHandlerAdapter.invokeHandlerMethod(RequestMappingHandlerAdapter.java:878)
	at org.springframework.web.servlet.mvc.method.annotation.RequestMappingHandlerAdapter.handleInternal(RequestMappingHandlerAdapter.java:792)
	at org.springframework.web.servlet.mvc.method.AbstractHandlerMethodAdapter.handle(AbstractHandlerMethodAdapter.java:87)
	at org.springframework.web.servlet.DispatcherServlet.doDispatch(DispatcherServlet.java:1040)
	at org.springframework.web.servlet.DispatcherServlet.doService(DispatcherServlet.java:943)
	at org.springframework.web.servlet.FrameworkServlet.processRequest(FrameworkServlet.java:1006)
	at org.springframework.web.servlet.FrameworkServlet.doPost(FrameworkServlet.java:909)
	at javax.servlet.http.HttpServlet.service(HttpServlet.java:652)
	at org.springframework.web.servlet.FrameworkServlet.service(FrameworkServlet.java:883)
	at javax.servlet.http.HttpServlet.service(HttpServlet.java:733)
	at org.apache.catalina.core.ApplicationFilterChain.internalDoFilter(ApplicationFilterChain.java:227)
	at org.apache.catalina.core.ApplicationFilterChain.doFilter(ApplicationFilterChain.java:162)
	at org.apache.tomcat.websocket.server.WsFilter.doFilter(WsFilter.java:53)
	at org.apache.catalina.core.ApplicationFilterChain.internalDoFilter(ApplicationFilterChain.java:189)
	at org.apache.catalina.core.ApplicationFilterChain.doFilter(ApplicationFilterChain.java:162)
	at org.springframework.web.filter.RequestContextFilter.doFilterInternal(RequestContextFilter.java:100)
	at org.springframework.web.filter.OncePerRequestFilter.doFilter(OncePerRequestFilter.java:119)
	at org.apache.catalina.core.ApplicationFilterChain.internalDoFilter(ApplicationFilterChain.java:189)
	at org.apache.catalina.core.ApplicationFilterChain.doFilter(ApplicationFilterChain.java:162)
	at org.springframework.web.filter.FormContentFilter.doFilterInternal(FormContentFilter.java:93)
	at org.springframework.web.filter.OncePerRequestFilter.doFilter(OncePerRequestFilter.java:119)
	at org.apache.catalina.core.ApplicationFilterChain.internalDoFilter(ApplicationFilterChain.java:189)
	at org.apache.catalina.core.ApplicationFilterChain.doFilter(ApplicationFilterChain.java:162)
	at org.springframework.web.filter.CharacterEncodingFilter.doFilterInternal(CharacterEncodingFilter.java:201)
	at org.springframework.web.filter.OncePerRequestFilter.doFilter(OncePerRequestFilter.java:119)
	at org.apache.catalina.core.ApplicationFilterChain.internalDoFilter(ApplicationFilterChain.java:189)
	at org.apache.catalina.core.ApplicationFilterChain.doFilter(ApplicationFilterChain.java:162)
	at org.apache.catalina.core.StandardWrapperValve.invoke(StandardWrapperValve.java:202)
	at org.apache.catalina.core.StandardContextValve.invoke(StandardContextValve.java:97)
	at org.apache.catalina.authenticator.AuthenticatorBase.invoke(AuthenticatorBase.java:542)
	at org.apache.catalina.core.StandardHostValve.invoke(StandardHostValve.java:143)
	at org.apache.catalina.valves.ErrorReportValve.invoke(ErrorReportValve.java:92)
	at org.apache.catalina.core.StandardEngineValve.invoke(StandardEngineValve.java:78)
	at org.apache.catalina.connector.CoyoteAdapter.service(CoyoteAdapter.java:357)
	at org.apache.coyote.http11.Http11Processor.service(Http11Processor.java:374)
	at org.apache.coyote.AbstractProcessorLight.process(AbstractProcessorLight.java:65)
	at org.apache.coyote.AbstractProtocol$ConnectionHandler.process(AbstractProtocol.java:893)
	at org.apache.tomcat.util.net.NioEndpoint$SocketProcessor.doRun(NioEndpoint.java:1707)
	at org.apache.tomcat.util.net.SocketProcessorBase.run(SocketProcessorBase.java:49)
	at java.base/java.util.concurrent.ThreadPoolExecutor.runWorker(ThreadPoolExecutor.java:1135)
	at java.base/java.util.concurrent.ThreadPoolExecutor$Worker.run(ThreadPoolExecutor.java:635)
	at org.apache.tomcat.util.threads.TaskThread$WrappingRunnable.run(TaskThread.java:61)
	at java.base/java.lang.Thread.run(Thread.java:844)
02:24:14.508 [http-nio-8090-exec-3] ERROR o.s.b.a.w.s.e.ErrorMvcAutoConfiguration$StaticView - [render,204] - Cannot render error page for request [/qr/code] and exception [] as the response has already been committed. As a result, the response may have the wrong status code.
02:24:19.435 [http-nio-8090-exec-4] ERROR o.a.c.c.C.[.[.[.[dispatcherServlet] - [log,175] - Servlet.service() for servlet [dispatcherServlet] in context with path [] threw exception [Request processing failed; nested exception is java.lang.Exception: 生成二维码失败！] with root cause
java.lang.Exception: 生成二维码失败！
	at com.book.xw.web.controller.QrController.qrcode(QrController.java:27)
	at java.base/jdk.internal.reflect.NativeMethodAccessorImpl.invoke0(Native Method)
	at java.base/jdk.internal.reflect.NativeMethodAccessorImpl.invoke(NativeMethodAccessorImpl.java:62)
	at java.base/jdk.internal.reflect.DelegatingMethodAccessorImpl.invoke(DelegatingMethodAccessorImpl.java:43)
	at java.base/java.lang.reflect.Method.invoke(Method.java:564)
	at org.springframework.web.method.support.InvocableHandlerMethod.doInvoke(InvocableHandlerMethod.java:190)
	at org.springframework.web.method.support.InvocableHandlerMethod.invokeForRequest(InvocableHandlerMethod.java:138)
	at org.springframework.web.servlet.mvc.method.annotation.ServletInvocableHandlerMethod.invokeAndHandle(ServletInvocableHandlerMethod.java:105)
	at org.springframework.web.servlet.mvc.method.annotation.RequestMappingHandlerAdapter.invokeHandlerMethod(RequestMappingHandlerAdapter.java:878)
	at org.springframework.web.servlet.mvc.method.annotation.RequestMappingHandlerAdapter.handleInternal(RequestMappingHandlerAdapter.java:792)
	at org.springframework.web.servlet.mvc.method.AbstractHandlerMethodAdapter.handle(AbstractHandlerMethodAdapter.java:87)
	at org.springframework.web.servlet.DispatcherServlet.doDispatch(DispatcherServlet.java:1040)
	at org.springframework.web.servlet.DispatcherServlet.doService(DispatcherServlet.java:943)
	at org.springframework.web.servlet.FrameworkServlet.processRequest(FrameworkServlet.java:1006)
	at org.springframework.web.servlet.FrameworkServlet.doPost(FrameworkServlet.java:909)
	at javax.servlet.http.HttpServlet.service(HttpServlet.java:652)
	at org.springframework.web.servlet.FrameworkServlet.service(FrameworkServlet.java:883)
	at javax.servlet.http.HttpServlet.service(HttpServlet.java:733)
	at org.apache.catalina.core.ApplicationFilterChain.internalDoFilter(ApplicationFilterChain.java:227)
	at org.apache.catalina.core.ApplicationFilterChain.doFilter(ApplicationFilterChain.java:162)
	at org.apache.tomcat.websocket.server.WsFilter.doFilter(WsFilter.java:53)
	at org.apache.catalina.core.ApplicationFilterChain.internalDoFilter(ApplicationFilterChain.java:189)
	at org.apache.catalina.core.ApplicationFilterChain.doFilter(ApplicationFilterChain.java:162)
	at org.springframework.web.filter.RequestContextFilter.doFilterInternal(RequestContextFilter.java:100)
	at org.springframework.web.filter.OncePerRequestFilter.doFilter(OncePerRequestFilter.java:119)
	at org.apache.catalina.core.ApplicationFilterChain.internalDoFilter(ApplicationFilterChain.java:189)
	at org.apache.catalina.core.ApplicationFilterChain.doFilter(ApplicationFilterChain.java:162)
	at org.springframework.web.filter.FormContentFilter.doFilterInternal(FormContentFilter.java:93)
	at org.springframework.web.filter.OncePerRequestFilter.doFilter(OncePerRequestFilter.java:119)
	at org.apache.catalina.core.ApplicationFilterChain.internalDoFilter(ApplicationFilterChain.java:189)
	at org.apache.catalina.core.ApplicationFilterChain.doFilter(ApplicationFilterChain.java:162)
	at org.springframework.web.filter.CharacterEncodingFilter.doFilterInternal(CharacterEncodingFilter.java:201)
	at org.springframework.web.filter.OncePerRequestFilter.doFilter(OncePerRequestFilter.java:119)
	at org.apache.catalina.core.ApplicationFilterChain.internalDoFilter(ApplicationFilterChain.java:189)
	at org.apache.catalina.core.ApplicationFilterChain.doFilter(ApplicationFilterChain.java:162)
	at org.apache.catalina.core.StandardWrapperValve.invoke(StandardWrapperValve.java:202)
	at org.apache.catalina.core.StandardContextValve.invoke(StandardContextValve.java:97)
	at org.apache.catalina.authenticator.AuthenticatorBase.invoke(AuthenticatorBase.java:542)
	at org.apache.catalina.core.StandardHostValve.invoke(StandardHostValve.java:143)
	at org.apache.catalina.valves.ErrorReportValve.invoke(ErrorReportValve.java:92)
	at org.apache.catalina.core.StandardEngineValve.invoke(StandardEngineValve.java:78)
	at org.apache.catalina.connector.CoyoteAdapter.service(CoyoteAdapter.java:357)
	at org.apache.coyote.http11.Http11Processor.service(Http11Processor.java:374)
	at org.apache.coyote.AbstractProcessorLight.process(AbstractProcessorLight.java:65)
	at org.apache.coyote.AbstractProtocol$ConnectionHandler.process(AbstractProtocol.java:893)
	at org.apache.tomcat.util.net.NioEndpoint$SocketProcessor.doRun(NioEndpoint.java:1707)
	at org.apache.tomcat.util.net.SocketProcessorBase.run(SocketProcessorBase.java:49)
	at java.base/java.util.concurrent.ThreadPoolExecutor.runWorker(ThreadPoolExecutor.java:1135)
	at java.base/java.util.concurrent.ThreadPoolExecutor$Worker.run(ThreadPoolExecutor.java:635)
	at org.apache.tomcat.util.threads.TaskThread$WrappingRunnable.run(TaskThread.java:61)
	at java.base/java.lang.Thread.run(Thread.java:844)
02:24:19.462 [http-nio-8090-exec-4] ERROR o.s.b.a.w.s.e.ErrorMvcAutoConfiguration$StaticView - [render,204] - Cannot render error page for request [/qr/code] and exception [] as the response has already been committed. As a result, the response may have the wrong status code.
02:24:55.045 [http-nio-8090-exec-5] INFO  c.b.x.w.s.WxMenuService - [queryOrder,113] - 微信支付结果查询返回:{"nonce_str":"7R5koZ6vIVg3MDGT","device_info":"","trade_state":"NOTPAY","out_trade_no":"202207310041571990","appid":"wx9e9189da7ce50374","total_fee":"1","trade_state_desc":"订单未支付","sign":"F9FB9588F0CA3E9BAF7802FAC429E3C4","return_msg":"OK","result_code":"SUCCESS","mch_id":"11473623","return_code":"SUCCESS"}
02:27:02.572 [SpringContextShutdownHook] INFO  o.s.s.c.ThreadPoolTaskExecutor - [shutdown,218] - Shutting down ExecutorService 'applicationTaskExecutor'
02:27:06.183 [main] INFO  c.b.x.w.WebApplication - [logStarting,55] - Starting WebApplication on littleboydeMacBook-Pro.local with PID 15416 (/Users/littleboy/IdeaProjects/myweb/app/web/target/classes started by littleboy in /Users/littleboy/IdeaProjects/myweb)
02:27:06.201 [main] INFO  c.b.x.w.WebApplication - [logStartupProfileInfo,648] - No active profile set, falling back to default profiles: default
02:27:08.931 [main] INFO  o.s.b.w.e.t.TomcatWebServer - [initialize,108] - Tomcat initialized with port(s): 8090 (http)
02:27:08.949 [main] INFO  o.a.c.h.Http11NioProtocol - [log,173] - Initializing ProtocolHandler ["http-nio-8090"]
02:27:08.950 [main] INFO  o.a.c.c.StandardService - [log,173] - Starting service [Tomcat]
02:27:08.951 [main] INFO  o.a.c.c.StandardEngine - [log,173] - Starting Servlet engine: [Apache Tomcat/9.0.45]
02:27:09.169 [main] INFO  o.a.c.c.C.[.[.[/] - [log,173] - Initializing Spring embedded WebApplicationContext
02:27:09.170 [main] INFO  o.s.b.w.s.c.ServletWebServerApplicationContext - [prepareWebApplicationContext,285] - Root WebApplicationContext: initialization completed in 2581 ms
02:27:09.799 [main] INFO  o.s.s.c.ThreadPoolTaskExecutor - [initialize,181] - Initializing ExecutorService 'applicationTaskExecutor'
02:27:09.989 [main] INFO  o.s.b.a.w.s.WelcomePageHandlerMapping - [<init>,57] - Adding welcome page template: index
02:27:10.107 [main] WARN  o.t.t.TemplateMode - [parse,150] - [THYMELEAF][main] Template Mode 'HTML5' is deprecated. Using Template Mode 'HTML' instead.
02:27:10.207 [main] INFO  o.a.c.h.Http11NioProtocol - [log,173] - Starting ProtocolHandler ["http-nio-8090"]
02:27:10.248 [main] INFO  o.s.b.w.e.t.TomcatWebServer - [start,220] - Tomcat started on port(s): 8090 (http) with context path ''
02:27:10.276 [main] INFO  c.b.x.w.WebApplication - [logStarted,61] - Started WebApplication in 5.363 seconds (JVM running for 6.266)
02:27:14.609 [http-nio-8090-exec-1] INFO  o.a.c.c.C.[.[.[/] - [log,173] - Initializing Spring DispatcherServlet 'dispatcherServlet'
02:27:14.610 [http-nio-8090-exec-1] INFO  o.s.w.s.DispatcherServlet - [initServletBean,525] - Initializing Servlet 'dispatcherServlet'
02:27:14.635 [http-nio-8090-exec-1] INFO  o.s.w.s.DispatcherServlet - [initServletBean,547] - Completed initialization in 25 ms
02:27:16.915 [http-nio-8090-exec-8] ERROR o.a.c.c.C.[.[.[.[dispatcherServlet] - [log,175] - Servlet.service() for servlet [dispatcherServlet] in context with path [] threw exception [Request processing failed; nested exception is java.lang.Exception: 生成二维码失败！] with root cause
java.lang.Exception: 生成二维码失败！
	at com.book.xw.web.controller.QrController.qrcode(QrController.java:27)
	at java.base/jdk.internal.reflect.NativeMethodAccessorImpl.invoke0(Native Method)
	at java.base/jdk.internal.reflect.NativeMethodAccessorImpl.invoke(NativeMethodAccessorImpl.java:62)
	at java.base/jdk.internal.reflect.DelegatingMethodAccessorImpl.invoke(DelegatingMethodAccessorImpl.java:43)
	at java.base/java.lang.reflect.Method.invoke(Method.java:564)
	at org.springframework.web.method.support.InvocableHandlerMethod.doInvoke(InvocableHandlerMethod.java:190)
	at org.springframework.web.method.support.InvocableHandlerMethod.invokeForRequest(InvocableHandlerMethod.java:138)
	at org.springframework.web.servlet.mvc.method.annotation.ServletInvocableHandlerMethod.invokeAndHandle(ServletInvocableHandlerMethod.java:105)
	at org.springframework.web.servlet.mvc.method.annotation.RequestMappingHandlerAdapter.invokeHandlerMethod(RequestMappingHandlerAdapter.java:878)
	at org.springframework.web.servlet.mvc.method.annotation.RequestMappingHandlerAdapter.handleInternal(RequestMappingHandlerAdapter.java:792)
	at org.springframework.web.servlet.mvc.method.AbstractHandlerMethodAdapter.handle(AbstractHandlerMethodAdapter.java:87)
	at org.springframework.web.servlet.DispatcherServlet.doDispatch(DispatcherServlet.java:1040)
	at org.springframework.web.servlet.DispatcherServlet.doService(DispatcherServlet.java:943)
	at org.springframework.web.servlet.FrameworkServlet.processRequest(FrameworkServlet.java:1006)
	at org.springframework.web.servlet.FrameworkServlet.doPost(FrameworkServlet.java:909)
	at javax.servlet.http.HttpServlet.service(HttpServlet.java:652)
	at org.springframework.web.servlet.FrameworkServlet.service(FrameworkServlet.java:883)
	at javax.servlet.http.HttpServlet.service(HttpServlet.java:733)
	at org.apache.catalina.core.ApplicationFilterChain.internalDoFilter(ApplicationFilterChain.java:227)
	at org.apache.catalina.core.ApplicationFilterChain.doFilter(ApplicationFilterChain.java:162)
	at org.apache.tomcat.websocket.server.WsFilter.doFilter(WsFilter.java:53)
	at org.apache.catalina.core.ApplicationFilterChain.internalDoFilter(ApplicationFilterChain.java:189)
	at org.apache.catalina.core.ApplicationFilterChain.doFilter(ApplicationFilterChain.java:162)
	at org.springframework.web.filter.RequestContextFilter.doFilterInternal(RequestContextFilter.java:100)
	at org.springframework.web.filter.OncePerRequestFilter.doFilter(OncePerRequestFilter.java:119)
	at org.apache.catalina.core.ApplicationFilterChain.internalDoFilter(ApplicationFilterChain.java:189)
	at org.apache.catalina.core.ApplicationFilterChain.doFilter(ApplicationFilterChain.java:162)
	at org.springframework.web.filter.FormContentFilter.doFilterInternal(FormContentFilter.java:93)
	at org.springframework.web.filter.OncePerRequestFilter.doFilter(OncePerRequestFilter.java:119)
	at org.apache.catalina.core.ApplicationFilterChain.internalDoFilter(ApplicationFilterChain.java:189)
	at org.apache.catalina.core.ApplicationFilterChain.doFilter(ApplicationFilterChain.java:162)
	at org.springframework.web.filter.CharacterEncodingFilter.doFilterInternal(CharacterEncodingFilter.java:201)
	at org.springframework.web.filter.OncePerRequestFilter.doFilter(OncePerRequestFilter.java:119)
	at org.apache.catalina.core.ApplicationFilterChain.internalDoFilter(ApplicationFilterChain.java:189)
	at org.apache.catalina.core.ApplicationFilterChain.doFilter(ApplicationFilterChain.java:162)
	at org.apache.catalina.core.StandardWrapperValve.invoke(StandardWrapperValve.java:202)
	at org.apache.catalina.core.StandardContextValve.invoke(StandardContextValve.java:97)
	at org.apache.catalina.authenticator.AuthenticatorBase.invoke(AuthenticatorBase.java:542)
	at org.apache.catalina.core.StandardHostValve.invoke(StandardHostValve.java:143)
	at org.apache.catalina.valves.ErrorReportValve.invoke(ErrorReportValve.java:92)
	at org.apache.catalina.core.StandardEngineValve.invoke(StandardEngineValve.java:78)
	at org.apache.catalina.connector.CoyoteAdapter.service(CoyoteAdapter.java:357)
	at org.apache.coyote.http11.Http11Processor.service(Http11Processor.java:374)
	at org.apache.coyote.AbstractProcessorLight.process(AbstractProcessorLight.java:65)
	at org.apache.coyote.AbstractProtocol$ConnectionHandler.process(AbstractProtocol.java:893)
	at org.apache.tomcat.util.net.NioEndpoint$SocketProcessor.doRun(NioEndpoint.java:1707)
	at org.apache.tomcat.util.net.SocketProcessorBase.run(SocketProcessorBase.java:49)
	at java.base/java.util.concurrent.ThreadPoolExecutor.runWorker(ThreadPoolExecutor.java:1135)
	at java.base/java.util.concurrent.ThreadPoolExecutor$Worker.run(ThreadPoolExecutor.java:635)
	at org.apache.tomcat.util.threads.TaskThread$WrappingRunnable.run(TaskThread.java:61)
	at java.base/java.lang.Thread.run(Thread.java:844)
02:27:16.968 [http-nio-8090-exec-8] ERROR o.s.b.a.w.s.e.ErrorMvcAutoConfiguration$StaticView - [render,204] - Cannot render error page for request [/qr/code] and exception [] as the response has already been committed. As a result, the response may have the wrong status code.
02:27:21.040 [http-nio-8090-exec-9] WARN  o.s.w.s.m.s.DefaultHandlerExceptionResolver - [logException,199] - Resolved [org.springframework.web.bind.MissingServletRequestParameterException: Required String parameter 'content' is not present]
02:27:23.465 [http-nio-8090-exec-10] WARN  o.s.w.s.m.s.DefaultHandlerExceptionResolver - [logException,199] - Resolved [org.springframework.web.bind.MissingServletRequestParameterException: Required String parameter 'content' is not present]
02:27:53.659 [http-nio-8090-exec-1] INFO  c.b.x.w.s.WxMenuService - [queryOrder,113] - 微信支付结果查询返回:{"nonce_str":"GNHjEXJnfM9JdUA3","device_info":"","trade_state":"NOTPAY","out_trade_no":"202207310041571990","appid":"wx9e9189da7ce50374","total_fee":"1","trade_state_desc":"订单未支付","sign":"71711C630660604A529C6964FDA29F49","return_msg":"OK","result_code":"SUCCESS","mch_id":"11473623","return_code":"SUCCESS"}
02:28:25.994 [http-nio-8090-exec-4] WARN  o.s.w.s.m.s.DefaultHandlerExceptionResolver - [logException,199] - Resolved [org.springframework.web.bind.MissingServletRequestParameterException: Required String parameter 'content' is not present]
02:28:27.904 [http-nio-8090-exec-2] WARN  o.s.w.s.m.s.DefaultHandlerExceptionResolver - [logException,199] - Resolved [org.springframework.web.bind.MissingServletRequestParameterException: Required String parameter 'content' is not present]
02:32:55.999 [SpringContextShutdownHook] INFO  o.s.s.c.ThreadPoolTaskExecutor - [shutdown,218] - Shutting down ExecutorService 'applicationTaskExecutor'
02:32:59.423 [main] INFO  c.b.x.w.WebApplication - [logStarting,55] - Starting WebApplication on littleboydeMacBook-Pro.local with PID 15478 (/Users/littleboy/IdeaProjects/myweb/app/web/target/classes started by littleboy in /Users/littleboy/IdeaProjects/myweb)
02:32:59.449 [main] INFO  c.b.x.w.WebApplication - [logStartupProfileInfo,648] - No active profile set, falling back to default profiles: default
02:33:02.141 [main] INFO  o.s.b.w.e.t.TomcatWebServer - [initialize,108] - Tomcat initialized with port(s): 8090 (http)
02:33:02.161 [main] INFO  o.a.c.h.Http11NioProtocol - [log,173] - Initializing ProtocolHandler ["http-nio-8090"]
02:33:02.163 [main] INFO  o.a.c.c.StandardService - [log,173] - Starting service [Tomcat]
02:33:02.163 [main] INFO  o.a.c.c.StandardEngine - [log,173] - Starting Servlet engine: [Apache Tomcat/9.0.45]
02:33:02.318 [main] INFO  o.a.c.c.C.[.[.[/] - [log,173] - Initializing Spring embedded WebApplicationContext
02:33:02.318 [main] INFO  o.s.b.w.s.c.ServletWebServerApplicationContext - [prepareWebApplicationContext,285] - Root WebApplicationContext: initialization completed in 2461 ms
02:33:03.026 [main] INFO  o.s.s.c.ThreadPoolTaskExecutor - [initialize,181] - Initializing ExecutorService 'applicationTaskExecutor'
02:33:03.196 [main] INFO  o.s.b.a.w.s.WelcomePageHandlerMapping - [<init>,57] - Adding welcome page template: index
02:33:03.314 [main] WARN  o.t.t.TemplateMode - [parse,150] - [THYMELEAF][main] Template Mode 'HTML5' is deprecated. Using Template Mode 'HTML' instead.
02:33:03.438 [main] INFO  o.a.c.h.Http11NioProtocol - [log,173] - Starting ProtocolHandler ["http-nio-8090"]
02:33:03.483 [main] INFO  o.s.b.w.e.t.TomcatWebServer - [start,220] - Tomcat started on port(s): 8090 (http) with context path ''
02:33:03.510 [main] INFO  c.b.x.w.WebApplication - [logStarted,61] - Started WebApplication in 5.314 seconds (JVM running for 6.242)
02:33:12.312 [http-nio-8090-exec-1] INFO  o.a.c.c.C.[.[.[/] - [log,173] - Initializing Spring DispatcherServlet 'dispatcherServlet'
02:33:12.312 [http-nio-8090-exec-1] INFO  o.s.w.s.DispatcherServlet - [initServletBean,525] - Initializing Servlet 'dispatcherServlet'
02:33:12.328 [http-nio-8090-exec-1] INFO  o.s.w.s.DispatcherServlet - [initServletBean,547] - Completed initialization in 15 ms
02:33:47.493 [http-nio-8090-exec-8] INFO  c.b.x.w.s.WxMenuService - [queryOrder,113] - 微信支付结果查询返回:{"nonce_str":"fR6LoHXKdbnp5R68","device_info":"","trade_state":"NOTPAY","out_trade_no":"202207310041571990","appid":"wx9e9189da7ce50374","total_fee":"1","trade_state_desc":"订单未支付","sign":"B3617AFAF6C919B91D8D15DCCAA088B7","return_msg":"OK","result_code":"SUCCESS","mch_id":"11473623","return_code":"SUCCESS"}
02:37:01.534 [SpringContextShutdownHook] INFO  o.s.s.c.ThreadPoolTaskExecutor - [shutdown,218] - Shutting down ExecutorService 'applicationTaskExecutor'
02:37:05.295 [main] INFO  c.b.x.w.WebApplication - [logStarting,55] - Starting WebApplication on littleboydeMacBook-Pro.local with PID 15524 (/Users/littleboy/IdeaProjects/myweb/app/web/target/classes started by littleboy in /Users/littleboy/IdeaProjects/myweb)
02:37:05.321 [main] INFO  c.b.x.w.WebApplication - [logStartupProfileInfo,648] - No active profile set, falling back to default profiles: default
02:37:07.954 [main] INFO  o.s.b.w.e.t.TomcatWebServer - [initialize,108] - Tomcat initialized with port(s): 8090 (http)
02:37:07.980 [main] INFO  o.a.c.h.Http11NioProtocol - [log,173] - Initializing ProtocolHandler ["http-nio-8090"]
02:37:07.981 [main] INFO  o.a.c.c.StandardService - [log,173] - Starting service [Tomcat]
02:37:07.982 [main] INFO  o.a.c.c.StandardEngine - [log,173] - Starting Servlet engine: [Apache Tomcat/9.0.45]
02:37:08.141 [main] INFO  o.a.c.c.C.[.[.[/] - [log,173] - Initializing Spring embedded WebApplicationContext
02:37:08.141 [main] INFO  o.s.b.w.s.c.ServletWebServerApplicationContext - [prepareWebApplicationContext,285] - Root WebApplicationContext: initialization completed in 2402 ms
02:37:08.777 [main] INFO  o.s.s.c.ThreadPoolTaskExecutor - [initialize,181] - Initializing ExecutorService 'applicationTaskExecutor'
02:37:08.974 [main] INFO  o.s.b.a.w.s.WelcomePageHandlerMapping - [<init>,57] - Adding welcome page template: index
02:37:09.089 [main] WARN  o.t.t.TemplateMode - [parse,150] - [THYMELEAF][main] Template Mode 'HTML5' is deprecated. Using Template Mode 'HTML' instead.
02:37:09.196 [main] INFO  o.a.c.h.Http11NioProtocol - [log,173] - Starting ProtocolHandler ["http-nio-8090"]
02:37:09.237 [main] INFO  o.s.b.w.e.t.TomcatWebServer - [start,220] - Tomcat started on port(s): 8090 (http) with context path ''
02:37:09.258 [main] INFO  c.b.x.w.WebApplication - [logStarted,61] - Started WebApplication in 5.304 seconds (JVM running for 6.234)
02:37:20.526 [http-nio-8090-exec-1] INFO  o.a.c.c.C.[.[.[/] - [log,173] - Initializing Spring DispatcherServlet 'dispatcherServlet'
02:37:20.543 [http-nio-8090-exec-1] INFO  o.s.w.s.DispatcherServlet - [initServletBean,525] - Initializing Servlet 'dispatcherServlet'
02:37:20.565 [http-nio-8090-exec-1] INFO  o.s.w.s.DispatcherServlet - [initServletBean,547] - Completed initialization in 20 ms
02:37:40.266 [http-nio-8090-exec-10] INFO  c.b.x.w.s.WxMenuService - [queryOrder,113] - 微信支付结果查询返回:{"nonce_str":"XY3i8SrVAfv02XyR","device_info":"","trade_state":"NOTPAY","out_trade_no":"202207310041571990","appid":"wx9e9189da7ce50374","total_fee":"1","trade_state_desc":"订单未支付","sign":"CF84A8AE952F0A6CB0FBEA83764360D6","return_msg":"OK","result_code":"SUCCESS","mch_id":"11473623","return_code":"SUCCESS"}
